<?xml version="1.0" encoding="UTF-8"?>
<!-- Generated by org.testng.reporters.JUnitReportReporter -->
<testsuite hostname="LAPTOP-LPCQORU7" failures="0" tests="1" name="learning.UserRegistrationTest" time="14.007" errors="0" timestamp="2024-06-27T00:16:50 IST" skipped="0">
  <testcase classname="learning.UserRegistrationTest" name="testUserRegistration" time="14.007"/>
  <system-out/>
</testsuite> <!-- learning.UserRegistrationTest -->
